[35m[1mScanning dependencies of target nodelet_node[0m
[ 50%] [32mBuilding CXX object CMakeFiles/nodelet_node.dir/src/MyNodeletClass.cpp.o[0m
[01m[K/home/rmy/03_learning_materials/ros_learn_ws/src/nodelet_node/src/MyNodeletClass.cpp:13:10:[m[K [01;31m[Kerror: [m[K‘[01m[KMyNodeletClass[m[K’ has not been declared
   13 |     void [01;31m[KMyNodeletClass[m[K::onInit()
      |          [01;31m[K^~~~~~~~~~~~~~[m[K
In file included from [01m[K/opt/ros/noetic/include/nodelet/nodelet.h:40[m[K,
                 from [01m[K/home/rmy/03_learning_materials/ros_learn_ws/src/nodelet_node/include/MyNodeletClass.h:1[m[K,
                 from [01m[K/home/rmy/03_learning_materials/ros_learn_ws/src/nodelet_node/src/MyNodeletClass.cpp:6[m[K:
[01m[K/home/rmy/03_learning_materials/ros_learn_ws/src/nodelet_node/src/MyNodeletClass.cpp:[m[K In function ‘[01m[Kvoid example_pkg::onInit()[m[K’:
[01m[K/opt/ros/noetic/include/nodelet/nodelet.h:49:44:[m[K [01;31m[Kerror: [m[K‘[01m[KgetName[m[K’ was not declared in this scope; did you mean ‘[01m[Kgetdate[m[K’?
   49 | #define NODELET_DEBUG(...) ROS_DEBUG_NAMED([01;31m[KgetName[m[K(), __VA_ARGS__)
      |                                            [01;31m[K^~~~~~~[m[K
[01m[K/opt/ros/noetic/include/ros/console.h:341:63:[m[K [01;36m[Knote: [m[Kin definition of macro ‘[01m[KROSCONSOLE_DEFINE_LOCATION[m[K’
  341 |     initializeLogLocation(&__rosconsole_define_location__loc, [01;36m[Kname[m[K, level); \
      |                                                               [01;36m[K^~~~[m[K
[01m[K/opt/ros/noetic/include/ros/console.h:575:35:[m[K [01;36m[Knote: [m[Kin expansion of macro ‘[01m[KROS_LOG_COND[m[K’
  575 | #define ROS_LOG(level, name, ...) [01;36m[KROS_LOG_COND[m[K(true, level, name, __VA_ARGS__)
      |                                   [01;36m[K^~~~~~~~~~~~[m[K
[01m[K/opt/ros/noetic/include/rosconsole/macros_generated.h:60:36:[m[K [01;36m[Knote: [m[Kin expansion of macro ‘[01m[KROS_LOG[m[K’
   60 | #define ROS_DEBUG_NAMED(name, ...) [01;36m[KROS_LOG[m[K(::ros::console::levels::Debug, std::string(ROSCONSOLE_NAME_PREFIX) + "." + name, __VA_ARGS__)
      |                                    [01;36m[K^~~~~~~[m[K
[01m[K/opt/ros/noetic/include/nodelet/nodelet.h:49:28:[m[K [01;36m[Knote: [m[Kin expansion of macro ‘[01m[KROS_DEBUG_NAMED[m[K’
   49 | #define NODELET_DEBUG(...) [01;36m[KROS_DEBUG_NAMED[m[K(getName(), __VA_ARGS__)
      |                            [01;36m[K^~~~~~~~~~~~~~~[m[K
[01m[K/home/rmy/03_learning_materials/ros_learn_ws/src/nodelet_node/src/MyNodeletClass.cpp:15:9:[m[K [01;36m[Knote: [m[Kin expansion of macro ‘[01m[KNODELET_DEBUG[m[K’
   15 |         [01;36m[KNODELET_DEBUG[m[K("Initializing nodelet...");
      |         [01;36m[K^~~~~~~~~~~~~[m[K
make[2]: *** [CMakeFiles/nodelet_node.dir/build.make:63：CMakeFiles/nodelet_node.dir/src/MyNodeletClass.cpp.o] 错误 1
make[1]: *** [CMakeFiles/Makefile2:641：CMakeFiles/nodelet_node.dir/all] 错误 2
make: *** [Makefile:141：all] 错误 2
